<?xml version="1.0" encoding="UTF-8"?>
<!-- Generated by org.testng.reporters.JUnitReportReporter -->
<testsuite hostname="FFE-Nallam-tharun-Kumar-FFE323" failures="0" tests="1" name="Cars.lamborginiTest" time="8.619" errors="0" timestamp="2024-02-12T14:03:35 IST" skipped="0">
  <testcase classname="Cars.lamborginiTest" name="launchlamborgini" time="8.619"/>
  <system-out>
    <![CDATA[lamborgini Launched]]>
  </system-out>
</testsuite> <!-- Cars.lamborginiTest -->
