<?xml version="1.0" encoding="UTF-8"?>
<!-- Generated by org.testng.reporters.JUnitReportReporter -->
<testsuite hostname="FFE-Nallam-tharun-Kumar-FFE323" failures="0" tests="1" name="ToLearnExtentReports.TestScript" time="5.512" errors="0" timestamp="2024-02-13T12:37:01 IST" skipped="0">
  <testcase classname="ToLearnExtentReports.TestScript" name="clickOnBooks" time="5.512"/>
  <system-out/>
</testsuite> <!-- ToLearnExtentReports.TestScript -->
