<?xml version="1.0" encoding="UTF-8"?>
<!-- Generated by org.testng.reporters.JUnitReportReporter -->
<testsuite hostname="FFE-Nallam-tharun-Kumar-FFE323" failures="0" tests="1" name="ToLearnExtentReports.AddSSExtentReports" time="6.703" errors="0" timestamp="2024-02-13T10:46:19 IST" skipped="0">
  <testcase classname="ToLearnExtentReports.AddSSExtentReports" name="screenshot" time="6.703"/>
  <system-out/>
</testsuite> <!-- ToLearnExtentReports.AddSSExtentReports -->
