<?xml version="1.0" encoding="UTF-8"?>
<!-- Generated by org.testng.reporters.JUnitReportReporter -->
<testsuite hostname="FFE-Nallam-tharun-Kumar-FFE323" failures="0" tests="1" name="Cars.PorscheTest" time="11.289" errors="0" timestamp="2024-02-12T14:03:35 IST" skipped="0">
  <testcase classname="Cars.PorscheTest" name="launchPorsche" time="11.289"/>
  <system-out>
    <![CDATA[Porsche Launched]]>
  </system-out>
</testsuite> <!-- Cars.PorscheTest -->
