<?xml version="1.0" encoding="UTF-8"?>
<!-- Generated by org.testng.reporters.JUnitReportReporter -->
<testsuite hostname="FFE-Nallam-tharun-Kumar-FFE323" failures="0" tests="1" name="ToLearnExtentReports.ExtentReportHTML" time="0.388" errors="0" timestamp="2024-02-13T10:40:25 IST" skipped="0">
  <testcase classname="ToLearnExtentReports.ExtentReportHTML" name="demoTest" time="0.388"/>
  <system-out/>
</testsuite> <!-- ToLearnExtentReports.ExtentReportHTML -->
